<?xml version="1.0" encoding="UTF-8"?>
<testsuite xmlns:xsi="http://www.w3.org/2001/XMLSchema-instance" xsi:noNamespaceSchemaLocation="https://maven.apache.org/surefire/maven-surefire-plugin/xsd/surefire-test-report.xsd" name="org.springframework.samples.petclinic.api.ApiGatewayApplicationTests" time="3.242" tests="1" errors="0" skipped="0" failures="0">
  <properties>
    <property name="git.tags" value="v2.3.6"/>
    <property name="java.specification.version" value="14"/>
    <property name="git.build.version" value="2.3.6"/>
    <property name="sun.jnu.encoding" value="UTF-8"/>
    <property name="java.class.path" value="/Users/aruyelemes/Desktop/spring-petclinic-microservices/spring-petclinic-api-gateway/target/test-classes:/Users/aruyelemes/Desktop/spring-petclinic-microservices/spring-petclinic-api-gateway/target/classes:/Users/aruyelemes/.m2/repository/org/springframework/boot/spring-boot-devtools/2.3.6.RELEASE/spring-boot-devtools-2.3.6.RELEASE.jar:/Users/aruyelemes/.m2/repository/org/springframework/boot/spring-boot/2.3.6.RELEASE/spring-boot-2.3.6.RELEASE.jar:/Users/aruyelemes/.m2/repository/org/springframework/spring-context/5.2.11.RELEASE/spring-context-5.2.11.RELEASE.jar:/Users/aruyelemes/.m2/repository/org/springframework/spring-expression/5.2.11.RELEASE/spring-expression-5.2.11.RELEASE.jar:/Users/aruyelemes/.m2/repository/org/springframework/boot/spring-boot-autoconfigure/2.3.6.RELEASE/spring-boot-autoconfigure-2.3.6.RELEASE.jar:/Users/aruyelemes/.m2/repository/org/springframework/boot/spring-boot-configuration-processor/2.3.6.RELEASE/spring-boot-configuration-processor-2.3.6.RELEASE.jar:/Users/aruyelemes/.m2/repository/org/springframework/boot/spring-boot-starter-actuator/2.3.6.RELEASE/spring-boot-starter-actuator-2.3.6.RELEASE.jar:/Users/aruyelemes/.m2/repository/org/springframework/boot/spring-boot-starter/2.3.6.RELEASE/spring-boot-starter-2.3.6.RELEASE.jar:/Users/aruyelemes/.m2/repository/org/springframework/boot/spring-boot-starter-logging/2.3.6.RELEASE/spring-boot-starter-logging-2.3.6.RELEASE.jar:/Users/aruyelemes/.m2/repository/ch/qos/logback/logback-classic/1.2.3/logback-classic-1.2.3.jar:/Users/aruyelemes/.m2/repository/ch/qos/logback/logback-core/1.2.3/logback-core-1.2.3.jar:/Users/aruyelemes/.m2/repository/org/apache/logging/log4j/log4j-to-slf4j/2.13.3/log4j-to-slf4j-2.13.3.jar:/Users/aruyelemes/.m2/repository/org/apache/logging/log4j/log4j-api/2.13.3/log4j-api-2.13.3.jar:/Users/aruyelemes/.m2/repository/org/slf4j/jul-to-slf4j/1.7.30/jul-to-slf4j-1.7.30.jar:/Users/aruyelemes/.m2/repository/jakarta/annotation/jakarta.annotation-api/1.3.5/jakarta.annotation-api-1.3.5.jar:/Users/aruyelemes/.m2/repository/org/yaml/snakeyaml/1.26/snakeyaml-1.26.jar:/Users/aruyelemes/.m2/repository/org/springframework/boot/spring-boot-actuator-autoconfigure/2.3.6.RELEASE/spring-boot-actuator-autoconfigure-2.3.6.RELEASE.jar:/Users/aruyelemes/.m2/repository/org/springframework/boot/spring-boot-actuator/2.3.6.RELEASE/spring-boot-actuator-2.3.6.RELEASE.jar:/Users/aruyelemes/.m2/repository/com/fasterxml/jackson/datatype/jackson-datatype-jsr310/2.11.3/jackson-datatype-jsr310-2.11.3.jar:/Users/aruyelemes/.m2/repository/io/micrometer/micrometer-core/1.5.7/micrometer-core-1.5.7.jar:/Users/aruyelemes/.m2/repository/org/hdrhistogram/HdrHistogram/2.1.12/HdrHistogram-2.1.12.jar:/Users/aruyelemes/.m2/repository/org/latencyutils/LatencyUtils/2.0.3/LatencyUtils-2.0.3.jar:/Users/aruyelemes/.m2/repository/org/springframework/boot/spring-boot-starter-test/2.3.6.RELEASE/spring-boot-starter-test-2.3.6.RELEASE.jar:/Users/aruyelemes/.m2/repository/org/springframework/boot/spring-boot-test/2.3.6.RELEASE/spring-boot-test-2.3.6.RELEASE.jar:/Users/aruyelemes/.m2/repository/org/springframework/boot/spring-boot-test-autoconfigure/2.3.6.RELEASE/spring-boot-test-autoconfigure-2.3.6.RELEASE.jar:/Users/aruyelemes/.m2/repository/com/jayway/jsonpath/json-path/2.4.0/json-path-2.4.0.jar:/Users/aruyelemes/.m2/repository/net/minidev/json-smart/2.3/json-smart-2.3.jar:/Users/aruyelemes/.m2/repository/net/minidev/accessors-smart/1.2/accessors-smart-1.2.jar:/Users/aruyelemes/.m2/repository/org/ow2/asm/asm/5.0.4/asm-5.0.4.jar:/Users/aruyelemes/.m2/repository/jakarta/xml/bind/jakarta.xml.bind-api/2.3.3/jakarta.xml.bind-api-2.3.3.jar:/Users/aruyelemes/.m2/repository/jakarta/activation/jakarta.activation-api/1.2.2/jakarta.activation-api-1.2.2.jar:/Users/aruyelemes/.m2/repository/org/assertj/assertj-core/3.11.1/assertj-core-3.11.1.jar:/Users/aruyelemes/.m2/repository/org/hamcrest/hamcrest/2.2/hamcrest-2.2.jar:/Users/aruyelemes/.m2/repository/org/junit/jupiter/junit-jupiter/5.6.3/junit-jupiter-5.6.3.jar:/Users/aruyelemes/.m2/repository/org/junit/jupiter/junit-jupiter-params/5.6.3/junit-jupiter-params-5.6.3.jar:/Users/aruyelemes/.m2/repository/org/mockito/mockito-core/3.3.3/mockito-core-3.3.3.jar:/Users/aruyelemes/.m2/repository/net/bytebuddy/byte-buddy/1.10.18/byte-buddy-1.10.18.jar:/Users/aruyelemes/.m2/repository/net/bytebuddy/byte-buddy-agent/1.10.18/byte-buddy-agent-1.10.18.jar:/Users/aruyelemes/.m2/repository/org/objenesis/objenesis/2.6/objenesis-2.6.jar:/Users/aruyelemes/.m2/repository/org/mockito/mockito-junit-jupiter/3.3.3/mockito-junit-jupiter-3.3.3.jar:/Users/aruyelemes/.m2/repository/org/skyscreamer/jsonassert/1.5.0/jsonassert-1.5.0.jar:/Users/aruyelemes/.m2/repository/com/vaadin/external/google/android-json/0.0.20131108.vaadin1/android-json-0.0.20131108.vaadin1.jar:/Users/aruyelemes/.m2/repository/org/springframework/spring-core/5.2.11.RELEASE/spring-core-5.2.11.RELEASE.jar:/Users/aruyelemes/.m2/repository/org/springframework/spring-jcl/5.2.11.RELEASE/spring-jcl-5.2.11.RELEASE.jar:/Users/aruyelemes/.m2/repository/org/springframework/spring-test/5.2.11.RELEASE/spring-test-5.2.11.RELEASE.jar:/Users/aruyelemes/.m2/repository/org/xmlunit/xmlunit-core/2.7.0/xmlunit-core-2.7.0.jar:/Users/aruyelemes/.m2/repository/org/springframework/cloud/spring-cloud-sleuth-zipkin/2.2.6.RELEASE/spring-cloud-sleuth-zipkin-2.2.6.RELEASE.jar:/Users/aruyelemes/.m2/repository/org/springframework/cloud/spring-cloud-sleuth-core/2.2.6.RELEASE/spring-cloud-sleuth-core-2.2.6.RELEASE.jar:/Users/aruyelemes/.m2/repository/org/aspectj/aspectjrt/1.9.6/aspectjrt-1.9.6.jar:/Users/aruyelemes/.m2/repository/io/zipkin/brave/brave/5.12.7/brave-5.12.7.jar:/Users/aruyelemes/.m2/repository/io/zipkin/brave/brave-context-slf4j/5.12.7/brave-context-slf4j-5.12.7.jar:/Users/aruyelemes/.m2/repository/io/zipkin/brave/brave-instrumentation-messaging/5.12.7/brave-instrumentation-messaging-5.12.7.jar:/Users/aruyelemes/.m2/repository/io/zipkin/brave/brave-instrumentation-rpc/5.12.7/brave-instrumentation-rpc-5.12.7.jar:/Users/aruyelemes/.m2/repository/io/zipkin/brave/brave-instrumentation-spring-web/5.12.7/brave-instrumentation-spring-web-5.12.7.jar:/Users/aruyelemes/.m2/repository/io/zipkin/brave/brave-instrumentation-http/5.12.7/brave-instrumentation-http-5.12.7.jar:/Users/aruyelemes/.m2/repository/io/zipkin/brave/brave-instrumentation-spring-rabbit/5.12.7/brave-instrumentation-spring-rabbit-5.12.7.jar:/Users/aruyelemes/.m2/repository/io/zipkin/brave/brave-instrumentation-kafka-clients/5.12.7/brave-instrumentation-kafka-clients-5.12.7.jar:/Users/aruyelemes/.m2/repository/io/zipkin/brave/brave-instrumentation-kafka-streams/5.12.7/brave-instrumentation-kafka-streams-5.12.7.jar:/Users/aruyelemes/.m2/repository/io/zipkin/brave/brave-instrumentation-httpclient/5.12.7/brave-instrumentation-httpclient-5.12.7.jar:/Users/aruyelemes/.m2/repository/io/zipkin/brave/brave-instrumentation-httpasyncclient/5.12.7/brave-instrumentation-httpasyncclient-5.12.7.jar:/Users/aruyelemes/.m2/repository/io/zipkin/brave/brave-instrumentation-spring-webmvc/5.12.7/brave-instrumentation-spring-webmvc-5.12.7.jar:/Users/aruyelemes/.m2/repository/io/zipkin/brave/brave-instrumentation-servlet/5.12.7/brave-instrumentation-servlet-5.12.7.jar:/Users/aruyelemes/.m2/repository/io/zipkin/brave/brave-instrumentation-jms/5.12.7/brave-instrumentation-jms-5.12.7.jar:/Users/aruyelemes/.m2/repository/io/zipkin/reporter2/zipkin-reporter-metrics-micrometer/2.15.2/zipkin-reporter-metrics-micrometer-2.15.2.jar:/Users/aruyelemes/.m2/repository/org/springframework/spring-web/5.2.11.RELEASE/spring-web-5.2.11.RELEASE.jar:/Users/aruyelemes/.m2/repository/org/springframework/spring-beans/5.2.11.RELEASE/spring-beans-5.2.11.RELEASE.jar:/Users/aruyelemes/.m2/repository/org/springframework/cloud/spring-cloud-commons/2.2.6.RELEASE/spring-cloud-commons-2.2.6.RELEASE.jar:/Users/aruyelemes/.m2/repository/org/springframework/security/spring-security-crypto/5.3.5.RELEASE/spring-security-crypto-5.3.5.RELEASE.jar:/Users/aruyelemes/.m2/repository/io/zipkin/zipkin2/zipkin/2.21.7/zipkin-2.21.7.jar:/Users/aruyelemes/.m2/repository/io/zipkin/reporter2/zipkin-reporter/2.15.2/zipkin-reporter-2.15.2.jar:/Users/aruyelemes/.m2/repository/io/zipkin/reporter2/zipkin-reporter-brave/2.15.2/zipkin-reporter-brave-2.15.2.jar:/Users/aruyelemes/.m2/repository/io/zipkin/reporter2/zipkin-sender-kafka/2.15.2/zipkin-sender-kafka-2.15.2.jar:/Users/aruyelemes/.m2/repository/io/zipkin/reporter2/zipkin-sender-activemq-client/2.15.2/zipkin-sender-activemq-client-2.15.2.jar:/Users/aruyelemes/.m2/repository/io/zipkin/reporter2/zipkin-sender-amqp-client/2.15.2/zipkin-sender-amqp-client-2.15.2.jar:/Users/aruyelemes/.m2/repository/org/springframework/cloud/spring-cloud-starter-circuitbreaker-reactor-resilience4j/1.0.4.RELEASE/spring-cloud-starter-circuitbreaker-reactor-resilience4j-1.0.4.RELEASE.jar:/Users/aruyelemes/.m2/repository/org/springframework/cloud/spring-cloud-starter/2.2.6.RELEASE/spring-cloud-starter-2.2.6.RELEASE.jar:/Users/aruyelemes/.m2/repository/org/springframework/cloud/spring-cloud-context/2.2.6.RELEASE/spring-cloud-context-2.2.6.RELEASE.jar:/Users/aruyelemes/.m2/repository/org/springframework/security/spring-security-rsa/1.0.9.RELEASE/spring-security-rsa-1.0.9.RELEASE.jar:/Users/aruyelemes/.m2/repository/org/bouncycastle/bcpkix-jdk15on/1.64/bcpkix-jdk15on-1.64.jar:/Users/aruyelemes/.m2/repository/org/bouncycastle/bcprov-jdk15on/1.64/bcprov-jdk15on-1.64.jar:/Users/aruyelemes/.m2/repository/org/springframework/cloud/spring-cloud-circuitbreaker-resilience4j/1.0.4.RELEASE/spring-cloud-circuitbreaker-resilience4j-1.0.4.RELEASE.jar:/Users/aruyelemes/.m2/repository/io/github/resilience4j/resilience4j-circuitbreaker/1.3.1/resilience4j-circuitbreaker-1.3.1.jar:/Users/aruyelemes/.m2/repository/io/github/resilience4j/resilience4j-core/1.3.1/resilience4j-core-1.3.1.jar:/Users/aruyelemes/.m2/repository/io/github/resilience4j/resilience4j-timelimiter/1.3.1/resilience4j-timelimiter-1.3.1.jar:/Users/aruyelemes/.m2/repository/io/github/resilience4j/resilience4j-reactor/1.3.1/resilience4j-reactor-1.3.1.jar:/Users/aruyelemes/.m2/repository/org/springframework/cloud/spring-cloud-starter-config/2.2.6.RELEASE/spring-cloud-starter-config-2.2.6.RELEASE.jar:/Users/aruyelemes/.m2/repository/org/springframework/cloud/spring-cloud-config-client/2.2.6.RELEASE/spring-cloud-config-client-2.2.6.RELEASE.jar:/Users/aruyelemes/.m2/repository/com/fasterxml/jackson/core/jackson-annotations/2.11.3/jackson-annotations-2.11.3.jar:/Users/aruyelemes/.m2/repository/org/apache/httpcomponents/httpclient/4.5.13/httpclient-4.5.13.jar:/Users/aruyelemes/.m2/repository/org/apache/httpcomponents/httpcore/4.4.13/httpcore-4.4.13.jar:/Users/aruyelemes/.m2/repository/commons-codec/commons-codec/1.14/commons-codec-1.14.jar:/Users/aruyelemes/.m2/repository/com/fasterxml/jackson/core/jackson-databind/2.11.3/jackson-databind-2.11.3.jar:/Users/aruyelemes/.m2/repository/org/springframework/cloud/spring-cloud-starter-netflix-eureka-client/2.2.6.RELEASE/spring-cloud-starter-netflix-eureka-client-2.2.6.RELEASE.jar:/Users/aruyelemes/.m2/repository/org/springframework/cloud/spring-cloud-netflix-eureka-client/2.2.6.RELEASE/spring-cloud-netflix-eureka-client-2.2.6.RELEASE.jar:/Users/aruyelemes/.m2/repository/com/netflix/eureka/eureka-client/1.10.7/eureka-client-1.10.7.jar:/Users/aruyelemes/.m2/repository/com/netflix/netflix-commons/netflix-eventbus/0.3.0/netflix-eventbus-0.3.0.jar:/Users/aruyelemes/.m2/repository/com/netflix/netflix-commons/netflix-infix/0.3.0/netflix-infix-0.3.0.jar:/Users/aruyelemes/.m2/repository/commons-jxpath/commons-jxpath/1.3/commons-jxpath-1.3.jar:/Users/aruyelemes/.m2/repository/joda-time/joda-time/2.3/joda-time-2.3.jar:/Users/aruyelemes/.m2/repository/org/antlr/antlr-runtime/3.4/antlr-runtime-3.4.jar:/Users/aruyelemes/.m2/repository/org/antlr/stringtemplate/3.2.1/stringtemplate-3.2.1.jar:/Users/aruyelemes/.m2/repository/antlr/antlr/2.7.7/antlr-2.7.7.jar:/Users/aruyelemes/.m2/repository/com/google/code/gson/gson/2.8.6/gson-2.8.6.jar:/Users/aruyelemes/.m2/repository/org/apache/commons/commons-math/2.2/commons-math-2.2.jar:/Users/aruyelemes/.m2/repository/com/netflix/archaius/archaius-core/0.7.6/archaius-core-0.7.6.jar:/Users/aruyelemes/.m2/repository/com/google/guava/guava/29.0-jre/guava-29.0-jre.jar:/Users/aruyelemes/.m2/repository/com/google/guava/failureaccess/1.0.1/failureaccess-1.0.1.jar:/Users/aruyelemes/.m2/repository/com/google/guava/listenablefuture/9999.0-empty-to-avoid-conflict-with-guava/listenablefuture-9999.0-empty-to-avoid-conflict-with-guava.jar:/Users/aruyelemes/.m2/repository/org/checkerframework/checker-qual/2.11.1/checker-qual-2.11.1.jar:/Users/aruyelemes/.m2/repository/com/google/errorprone/error_prone_annotations/2.3.4/error_prone_annotations-2.3.4.jar:/Users/aruyelemes/.m2/repository/com/google/j2objc/j2objc-annotations/1.3/j2objc-annotations-1.3.jar:/Users/aruyelemes/.m2/repository/javax/ws/rs/jsr311-api/1.1.1/jsr311-api-1.1.1.jar:/Users/aruyelemes/.m2/repository/com/netflix/servo/servo-core/0.12.21/servo-core-0.12.21.jar:/Users/aruyelemes/.m2/repository/com/sun/jersey/jersey-core/1.19.1/jersey-core-1.19.1.jar:/Users/aruyelemes/.m2/repository/com/sun/jersey/jersey-client/1.19.1/jersey-client-1.19.1.jar:/Users/aruyelemes/.m2/repository/com/sun/jersey/contribs/jersey-apache-client4/1.19.1/jersey-apache-client4-1.19.1.jar:/Users/aruyelemes/.m2/repository/commons-configuration/commons-configuration/1.10/commons-configuration-1.10.jar:/Users/aruyelemes/.m2/repository/commons-lang/commons-lang/2.6/commons-lang-2.6.jar:/Users/aruyelemes/.m2/repository/com/google/inject/guice/4.1.0/guice-4.1.0.jar:/Users/aruyelemes/.m2/repository/javax/inject/javax.inject/1/javax.inject-1.jar:/Users/aruyelemes/.m2/repository/aopalliance/aopalliance/1.0/aopalliance-1.0.jar:/Users/aruyelemes/.m2/repository/org/codehaus/jettison/jettison/1.3.7/jettison-1.3.7.jar:/Users/aruyelemes/.m2/repository/stax/stax-api/1.0.1/stax-api-1.0.1.jar:/Users/aruyelemes/.m2/repository/com/netflix/eureka/eureka-core/1.10.7/eureka-core-1.10.7.jar:/Users/aruyelemes/.m2/repository/com/fasterxml/woodstox/woodstox-core/5.3.0/woodstox-core-5.3.0.jar:/Users/aruyelemes/.m2/repository/org/codehaus/woodstox/stax2-api/4.2/stax2-api-4.2.jar:/Users/aruyelemes/.m2/repository/org/springframework/cloud/spring-cloud-starter-netflix-archaius/2.2.6.RELEASE/spring-cloud-starter-netflix-archaius-2.2.6.RELEASE.jar:/Users/aruyelemes/.m2/repository/org/springframework/cloud/spring-cloud-netflix-archaius/2.2.6.RELEASE/spring-cloud-netflix-archaius-2.2.6.RELEASE.jar:/Users/aruyelemes/.m2/repository/org/springframework/cloud/spring-cloud-starter-loadbalancer/2.2.6.RELEASE/spring-cloud-starter-loadbalancer-2.2.6.RELEASE.jar:/Users/aruyelemes/.m2/repository/org/springframework/cloud/spring-cloud-loadbalancer/2.2.6.RELEASE/spring-cloud-loadbalancer-2.2.6.RELEASE.jar:/Users/aruyelemes/.m2/repository/io/projectreactor/reactor-core/3.3.11.RELEASE/reactor-core-3.3.11.RELEASE.jar:/Users/aruyelemes/.m2/repository/org/reactivestreams/reactive-streams/1.0.3/reactive-streams-1.0.3.jar:/Users/aruyelemes/.m2/repository/org/springframework/boot/spring-boot-starter-cache/2.3.6.RELEASE/spring-boot-starter-cache-2.3.6.RELEASE.jar:/Users/aruyelemes/.m2/repository/org/springframework/spring-context-support/5.2.11.RELEASE/spring-context-support-5.2.11.RELEASE.jar:/Users/aruyelemes/.m2/repository/com/stoyanr/evictor/1.0.0/evictor-1.0.0.jar:/Users/aruyelemes/.m2/repository/com/thoughtworks/xstream/xstream/1.4.13/xstream-1.4.13.jar:/Users/aruyelemes/.m2/repository/xmlpull/xmlpull/1.1.3.1/xmlpull-1.1.3.1.jar:/Users/aruyelemes/.m2/repository/xpp3/xpp3_min/1.1.4c/xpp3_min-1.1.4c.jar:/Users/aruyelemes/.m2/repository/org/springframework/cloud/spring-cloud-starter-sleuth/2.2.6.RELEASE/spring-cloud-starter-sleuth-2.2.6.RELEASE.jar:/Users/aruyelemes/.m2/repository/org/springframework/boot/spring-boot-starter-aop/2.3.6.RELEASE/spring-boot-starter-aop-2.3.6.RELEASE.jar:/Users/aruyelemes/.m2/repository/org/springframework/spring-aop/5.2.11.RELEASE/spring-aop-5.2.11.RELEASE.jar:/Users/aruyelemes/.m2/repository/org/aspectj/aspectjweaver/1.9.6/aspectjweaver-1.9.6.jar:/Users/aruyelemes/.m2/repository/org/springframework/cloud/spring-cloud-starter-gateway/2.2.6.RELEASE/spring-cloud-starter-gateway-2.2.6.RELEASE.jar:/Users/aruyelemes/.m2/repository/org/springframework/cloud/spring-cloud-gateway-server/2.2.6.RELEASE/spring-cloud-gateway-server-2.2.6.RELEASE.jar:/Users/aruyelemes/.m2/repository/org/springframework/boot/spring-boot-starter-validation/2.3.6.RELEASE/spring-boot-starter-validation-2.3.6.RELEASE.jar:/Users/aruyelemes/.m2/repository/org/glassfish/jakarta.el/3.0.3/jakarta.el-3.0.3.jar:/Users/aruyelemes/.m2/repository/org/hibernate/validator/hibernate-validator/6.1.6.Final/hibernate-validator-6.1.6.Final.jar:/Users/aruyelemes/.m2/repository/jakarta/validation/jakarta.validation-api/2.0.2/jakarta.validation-api-2.0.2.jar:/Users/aruyelemes/.m2/repository/org/jboss/logging/jboss-logging/3.4.1.Final/jboss-logging-3.4.1.Final.jar:/Users/aruyelemes/.m2/repository/com/fasterxml/classmate/1.5.1/classmate-1.5.1.jar:/Users/aruyelemes/.m2/repository/io/projectreactor/addons/reactor-extra/3.3.4.RELEASE/reactor-extra-3.3.4.RELEASE.jar:/Users/aruyelemes/.m2/repository/org/springframework/boot/spring-boot-starter-webflux/2.3.6.RELEASE/spring-boot-starter-webflux-2.3.6.RELEASE.jar:/Users/aruyelemes/.m2/repository/org/springframework/boot/spring-boot-starter-json/2.3.6.RELEASE/spring-boot-starter-json-2.3.6.RELEASE.jar:/Users/aruyelemes/.m2/repository/com/fasterxml/jackson/datatype/jackson-datatype-jdk8/2.11.3/jackson-datatype-jdk8-2.11.3.jar:/Users/aruyelemes/.m2/repository/com/fasterxml/jackson/module/jackson-module-parameter-names/2.11.3/jackson-module-parameter-names-2.11.3.jar:/Users/aruyelemes/.m2/repository/org/springframework/boot/spring-boot-starter-reactor-netty/2.3.6.RELEASE/spring-boot-starter-reactor-netty-2.3.6.RELEASE.jar:/Users/aruyelemes/.m2/repository/io/projectreactor/netty/reactor-netty/0.9.14.RELEASE/reactor-netty-0.9.14.RELEASE.jar:/Users/aruyelemes/.m2/repository/io/netty/netty-codec-http/4.1.54.Final/netty-codec-http-4.1.54.Final.jar:/Users/aruyelemes/.m2/repository/io/netty/netty-common/4.1.54.Final/netty-common-4.1.54.Final.jar:/Users/aruyelemes/.m2/repository/io/netty/netty-buffer/4.1.54.Final/netty-buffer-4.1.54.Final.jar:/Users/aruyelemes/.m2/repository/io/netty/netty-transport/4.1.54.Final/netty-transport-4.1.54.Final.jar:/Users/aruyelemes/.m2/repository/io/netty/netty-codec/4.1.54.Final/netty-codec-4.1.54.Final.jar:/Users/aruyelemes/.m2/repository/io/netty/netty-codec-http2/4.1.54.Final/netty-codec-http2-4.1.54.Final.jar:/Users/aruyelemes/.m2/repository/io/netty/netty-handler/4.1.54.Final/netty-handler-4.1.54.Final.jar:/Users/aruyelemes/.m2/repository/io/netty/netty-resolver/4.1.54.Final/netty-resolver-4.1.54.Final.jar:/Users/aruyelemes/.m2/repository/io/netty/netty-handler-proxy/4.1.54.Final/netty-handler-proxy-4.1.54.Final.jar:/Users/aruyelemes/.m2/repository/io/netty/netty-codec-socks/4.1.54.Final/netty-codec-socks-4.1.54.Final.jar:/Users/aruyelemes/.m2/repository/io/netty/netty-transport-native-epoll/4.1.54.Final/netty-transport-native-epoll-4.1.54.Final-linux-x86_64.jar:/Users/aruyelemes/.m2/repository/io/netty/netty-transport-native-unix-common/4.1.54.Final/netty-transport-native-unix-common-4.1.54.Final.jar:/Users/aruyelemes/.m2/repository/org/springframework/spring-webflux/5.2.11.RELEASE/spring-webflux-5.2.11.RELEASE.jar:/Users/aruyelemes/.m2/repository/org/synchronoss/cloud/nio-multipart-parser/1.1.0/nio-multipart-parser-1.1.0.jar:/Users/aruyelemes/.m2/repository/org/synchronoss/cloud/nio-stream-storage/1.1.3/nio-stream-storage-1.1.3.jar:/Users/aruyelemes/.m2/repository/org/jolokia/jolokia-core/1.6.2/jolokia-core-1.6.2.jar:/Users/aruyelemes/.m2/repository/com/googlecode/json-simple/json-simple/1.1.1/json-simple-1.1.1.jar:/Users/aruyelemes/.m2/repository/org/projectlombok/lombok/1.18.16/lombok-1.18.16.jar:/Users/aruyelemes/.m2/repository/io/micrometer/micrometer-registry-prometheus/1.5.7/micrometer-registry-prometheus-1.5.7.jar:/Users/aruyelemes/.m2/repository/io/prometheus/simpleclient_common/0.8.1/simpleclient_common-0.8.1.jar:/Users/aruyelemes/.m2/repository/io/prometheus/simpleclient/0.8.1/simpleclient-0.8.1.jar:/Users/aruyelemes/.m2/repository/io/github/resilience4j/resilience4j-micrometer/1.3.1/resilience4j-micrometer-1.3.1.jar:/Users/aruyelemes/.m2/repository/io/vavr/vavr/0.10.2/vavr-0.10.2.jar:/Users/aruyelemes/.m2/repository/io/vavr/vavr-match/0.10.2/vavr-match-0.10.2.jar:/Users/aruyelemes/.m2/repository/org/slf4j/slf4j-api/1.7.30/slf4j-api-1.7.30.jar:/Users/aruyelemes/.m2/repository/org/webjars/angularjs/1.6.4/angularjs-1.6.4.jar:/Users/aruyelemes/.m2/repository/org/webjars/jquery/3.1.1-1/jquery-3.1.1-1.jar:/Users/aruyelemes/.m2/repository/org/webjars/bootstrap/3.3.7-1/bootstrap-3.3.7-1.jar:/Users/aruyelemes/.m2/repository/org/webjars/angular-ui-router/1.0.3/angular-ui-router-1.0.3.jar:/Users/aruyelemes/.m2/repository/org/webjars/webjars-locator-core/0.45/webjars-locator-core-0.45.jar:/Users/aruyelemes/.m2/repository/io/github/classgraph/classgraph/4.8.69/classgraph-4.8.69.jar:/Users/aruyelemes/.m2/repository/com/fasterxml/jackson/core/jackson-core/2.11.3/jackson-core-2.11.3.jar:/Users/aruyelemes/.m2/repository/org/junit/jupiter/junit-jupiter-api/5.6.3/junit-jupiter-api-5.6.3.jar:/Users/aruyelemes/.m2/repository/org/apiguardian/apiguardian-api/1.1.0/apiguardian-api-1.1.0.jar:/Users/aruyelemes/.m2/repository/org/opentest4j/opentest4j/1.2.0/opentest4j-1.2.0.jar:/Users/aruyelemes/.m2/repository/org/junit/platform/junit-platform-commons/1.6.3/junit-platform-commons-1.6.3.jar:/Users/aruyelemes/.m2/repository/org/junit/jupiter/junit-jupiter-engine/5.6.3/junit-jupiter-engine-5.6.3.jar:/Users/aruyelemes/.m2/repository/org/junit/platform/junit-platform-engine/1.6.3/junit-platform-engine-1.6.3.jar:/Users/aruyelemes/.m2/repository/com/squareup/okhttp3/mockwebserver/3.14.9/mockwebserver-3.14.9.jar:/Users/aruyelemes/.m2/repository/com/squareup/okhttp3/okhttp/3.14.9/okhttp-3.14.9.jar:/Users/aruyelemes/.m2/repository/com/squareup/okio/okio/1.17.2/okio-1.17.2.jar:/Users/aruyelemes/.m2/repository/junit/junit/4.13.1/junit-4.13.1.jar:/Users/aruyelemes/.m2/repository/org/hamcrest/hamcrest-core/2.2/hamcrest-core-2.2.jar:"/>
    <property name="git.branch" value="master"/>
    <property name="git.build.host" value="192.168.0.108"/>
    <property name="java.vm.vendor" value="Oracle Corporation"/>
    <property name="sun.arch.data.model" value="64"/>
    <property name="git.commit.id" value="61f4dcf2fdf9598a8af308e950ac606f3c0bec70"/>
    <property name="java.vendor.url" value="https://java.oracle.com/"/>
    <property name="java.vm.specification.version" value="14"/>
    <property name="os.name" value="Mac OS X"/>
    <property name="sun.java.launcher" value="SUN_STANDARD"/>
    <property name="user.country" value="KZ"/>
    <property name="git.build.user.name" value="Aru"/>
    <property name="sun.boot.library.path" value="/Library/Java/JavaVirtualMachines/jdk-14.0.1.jdk/Contents/Home/lib"/>
    <property name="sun.java.command" value="/Users/aruyelemes/Desktop/spring-petclinic-microservices/spring-petclinic-api-gateway/target/surefire/surefirebooter14436107707307634585.jar /Users/aruyelemes/Desktop/spring-petclinic-microservices/spring-petclinic-api-gateway/target/surefire 2020-12-06T23-44-15_792-jvmRun1 surefire9098663190537378333tmp surefire_54235538390643227555tmp"/>
    <property name="http.nonProxyHosts" value="local|*.local|169.254/16|*.169.254/16"/>
    <property name="jdk.debug" value="release"/>
    <property name="surefire.test.class.path" value="/Users/aruyelemes/Desktop/spring-petclinic-microservices/spring-petclinic-api-gateway/target/test-classes:/Users/aruyelemes/Desktop/spring-petclinic-microservices/spring-petclinic-api-gateway/target/classes:/Users/aruyelemes/.m2/repository/org/springframework/boot/spring-boot-devtools/2.3.6.RELEASE/spring-boot-devtools-2.3.6.RELEASE.jar:/Users/aruyelemes/.m2/repository/org/springframework/boot/spring-boot/2.3.6.RELEASE/spring-boot-2.3.6.RELEASE.jar:/Users/aruyelemes/.m2/repository/org/springframework/spring-context/5.2.11.RELEASE/spring-context-5.2.11.RELEASE.jar:/Users/aruyelemes/.m2/repository/org/springframework/spring-expression/5.2.11.RELEASE/spring-expression-5.2.11.RELEASE.jar:/Users/aruyelemes/.m2/repository/org/springframework/boot/spring-boot-autoconfigure/2.3.6.RELEASE/spring-boot-autoconfigure-2.3.6.RELEASE.jar:/Users/aruyelemes/.m2/repository/org/springframework/boot/spring-boot-configuration-processor/2.3.6.RELEASE/spring-boot-configuration-processor-2.3.6.RELEASE.jar:/Users/aruyelemes/.m2/repository/org/springframework/boot/spring-boot-starter-actuator/2.3.6.RELEASE/spring-boot-starter-actuator-2.3.6.RELEASE.jar:/Users/aruyelemes/.m2/repository/org/springframework/boot/spring-boot-starter/2.3.6.RELEASE/spring-boot-starter-2.3.6.RELEASE.jar:/Users/aruyelemes/.m2/repository/org/springframework/boot/spring-boot-starter-logging/2.3.6.RELEASE/spring-boot-starter-logging-2.3.6.RELEASE.jar:/Users/aruyelemes/.m2/repository/ch/qos/logback/logback-classic/1.2.3/logback-classic-1.2.3.jar:/Users/aruyelemes/.m2/repository/ch/qos/logback/logback-core/1.2.3/logback-core-1.2.3.jar:/Users/aruyelemes/.m2/repository/org/apache/logging/log4j/log4j-to-slf4j/2.13.3/log4j-to-slf4j-2.13.3.jar:/Users/aruyelemes/.m2/repository/org/apache/logging/log4j/log4j-api/2.13.3/log4j-api-2.13.3.jar:/Users/aruyelemes/.m2/repository/org/slf4j/jul-to-slf4j/1.7.30/jul-to-slf4j-1.7.30.jar:/Users/aruyelemes/.m2/repository/jakarta/annotation/jakarta.annotation-api/1.3.5/jakarta.annotation-api-1.3.5.jar:/Users/aruyelemes/.m2/repository/org/yaml/snakeyaml/1.26/snakeyaml-1.26.jar:/Users/aruyelemes/.m2/repository/org/springframework/boot/spring-boot-actuator-autoconfigure/2.3.6.RELEASE/spring-boot-actuator-autoconfigure-2.3.6.RELEASE.jar:/Users/aruyelemes/.m2/repository/org/springframework/boot/spring-boot-actuator/2.3.6.RELEASE/spring-boot-actuator-2.3.6.RELEASE.jar:/Users/aruyelemes/.m2/repository/com/fasterxml/jackson/datatype/jackson-datatype-jsr310/2.11.3/jackson-datatype-jsr310-2.11.3.jar:/Users/aruyelemes/.m2/repository/io/micrometer/micrometer-core/1.5.7/micrometer-core-1.5.7.jar:/Users/aruyelemes/.m2/repository/org/hdrhistogram/HdrHistogram/2.1.12/HdrHistogram-2.1.12.jar:/Users/aruyelemes/.m2/repository/org/latencyutils/LatencyUtils/2.0.3/LatencyUtils-2.0.3.jar:/Users/aruyelemes/.m2/repository/org/springframework/boot/spring-boot-starter-test/2.3.6.RELEASE/spring-boot-starter-test-2.3.6.RELEASE.jar:/Users/aruyelemes/.m2/repository/org/springframework/boot/spring-boot-test/2.3.6.RELEASE/spring-boot-test-2.3.6.RELEASE.jar:/Users/aruyelemes/.m2/repository/org/springframework/boot/spring-boot-test-autoconfigure/2.3.6.RELEASE/spring-boot-test-autoconfigure-2.3.6.RELEASE.jar:/Users/aruyelemes/.m2/repository/com/jayway/jsonpath/json-path/2.4.0/json-path-2.4.0.jar:/Users/aruyelemes/.m2/repository/net/minidev/json-smart/2.3/json-smart-2.3.jar:/Users/aruyelemes/.m2/repository/net/minidev/accessors-smart/1.2/accessors-smart-1.2.jar:/Users/aruyelemes/.m2/repository/org/ow2/asm/asm/5.0.4/asm-5.0.4.jar:/Users/aruyelemes/.m2/repository/jakarta/xml/bind/jakarta.xml.bind-api/2.3.3/jakarta.xml.bind-api-2.3.3.jar:/Users/aruyelemes/.m2/repository/jakarta/activation/jakarta.activation-api/1.2.2/jakarta.activation-api-1.2.2.jar:/Users/aruyelemes/.m2/repository/org/assertj/assertj-core/3.11.1/assertj-core-3.11.1.jar:/Users/aruyelemes/.m2/repository/org/hamcrest/hamcrest/2.2/hamcrest-2.2.jar:/Users/aruyelemes/.m2/repository/org/junit/jupiter/junit-jupiter/5.6.3/junit-jupiter-5.6.3.jar:/Users/aruyelemes/.m2/repository/org/junit/jupiter/junit-jupiter-params/5.6.3/junit-jupiter-params-5.6.3.jar:/Users/aruyelemes/.m2/repository/org/mockito/mockito-core/3.3.3/mockito-core-3.3.3.jar:/Users/aruyelemes/.m2/repository/net/bytebuddy/byte-buddy/1.10.18/byte-buddy-1.10.18.jar:/Users/aruyelemes/.m2/repository/net/bytebuddy/byte-buddy-agent/1.10.18/byte-buddy-agent-1.10.18.jar:/Users/aruyelemes/.m2/repository/org/objenesis/objenesis/2.6/objenesis-2.6.jar:/Users/aruyelemes/.m2/repository/org/mockito/mockito-junit-jupiter/3.3.3/mockito-junit-jupiter-3.3.3.jar:/Users/aruyelemes/.m2/repository/org/skyscreamer/jsonassert/1.5.0/jsonassert-1.5.0.jar:/Users/aruyelemes/.m2/repository/com/vaadin/external/google/android-json/0.0.20131108.vaadin1/android-json-0.0.20131108.vaadin1.jar:/Users/aruyelemes/.m2/repository/org/springframework/spring-core/5.2.11.RELEASE/spring-core-5.2.11.RELEASE.jar:/Users/aruyelemes/.m2/repository/org/springframework/spring-jcl/5.2.11.RELEASE/spring-jcl-5.2.11.RELEASE.jar:/Users/aruyelemes/.m2/repository/org/springframework/spring-test/5.2.11.RELEASE/spring-test-5.2.11.RELEASE.jar:/Users/aruyelemes/.m2/repository/org/xmlunit/xmlunit-core/2.7.0/xmlunit-core-2.7.0.jar:/Users/aruyelemes/.m2/repository/org/springframework/cloud/spring-cloud-sleuth-zipkin/2.2.6.RELEASE/spring-cloud-sleuth-zipkin-2.2.6.RELEASE.jar:/Users/aruyelemes/.m2/repository/org/springframework/cloud/spring-cloud-sleuth-core/2.2.6.RELEASE/spring-cloud-sleuth-core-2.2.6.RELEASE.jar:/Users/aruyelemes/.m2/repository/org/aspectj/aspectjrt/1.9.6/aspectjrt-1.9.6.jar:/Users/aruyelemes/.m2/repository/io/zipkin/brave/brave/5.12.7/brave-5.12.7.jar:/Users/aruyelemes/.m2/repository/io/zipkin/brave/brave-context-slf4j/5.12.7/brave-context-slf4j-5.12.7.jar:/Users/aruyelemes/.m2/repository/io/zipkin/brave/brave-instrumentation-messaging/5.12.7/brave-instrumentation-messaging-5.12.7.jar:/Users/aruyelemes/.m2/repository/io/zipkin/brave/brave-instrumentation-rpc/5.12.7/brave-instrumentation-rpc-5.12.7.jar:/Users/aruyelemes/.m2/repository/io/zipkin/brave/brave-instrumentation-spring-web/5.12.7/brave-instrumentation-spring-web-5.12.7.jar:/Users/aruyelemes/.m2/repository/io/zipkin/brave/brave-instrumentation-http/5.12.7/brave-instrumentation-http-5.12.7.jar:/Users/aruyelemes/.m2/repository/io/zipkin/brave/brave-instrumentation-spring-rabbit/5.12.7/brave-instrumentation-spring-rabbit-5.12.7.jar:/Users/aruyelemes/.m2/repository/io/zipkin/brave/brave-instrumentation-kafka-clients/5.12.7/brave-instrumentation-kafka-clients-5.12.7.jar:/Users/aruyelemes/.m2/repository/io/zipkin/brave/brave-instrumentation-kafka-streams/5.12.7/brave-instrumentation-kafka-streams-5.12.7.jar:/Users/aruyelemes/.m2/repository/io/zipkin/brave/brave-instrumentation-httpclient/5.12.7/brave-instrumentation-httpclient-5.12.7.jar:/Users/aruyelemes/.m2/repository/io/zipkin/brave/brave-instrumentation-httpasyncclient/5.12.7/brave-instrumentation-httpasyncclient-5.12.7.jar:/Users/aruyelemes/.m2/repository/io/zipkin/brave/brave-instrumentation-spring-webmvc/5.12.7/brave-instrumentation-spring-webmvc-5.12.7.jar:/Users/aruyelemes/.m2/repository/io/zipkin/brave/brave-instrumentation-servlet/5.12.7/brave-instrumentation-servlet-5.12.7.jar:/Users/aruyelemes/.m2/repository/io/zipkin/brave/brave-instrumentation-jms/5.12.7/brave-instrumentation-jms-5.12.7.jar:/Users/aruyelemes/.m2/repository/io/zipkin/reporter2/zipkin-reporter-metrics-micrometer/2.15.2/zipkin-reporter-metrics-micrometer-2.15.2.jar:/Users/aruyelemes/.m2/repository/org/springframework/spring-web/5.2.11.RELEASE/spring-web-5.2.11.RELEASE.jar:/Users/aruyelemes/.m2/repository/org/springframework/spring-beans/5.2.11.RELEASE/spring-beans-5.2.11.RELEASE.jar:/Users/aruyelemes/.m2/repository/org/springframework/cloud/spring-cloud-commons/2.2.6.RELEASE/spring-cloud-commons-2.2.6.RELEASE.jar:/Users/aruyelemes/.m2/repository/org/springframework/security/spring-security-crypto/5.3.5.RELEASE/spring-security-crypto-5.3.5.RELEASE.jar:/Users/aruyelemes/.m2/repository/io/zipkin/zipkin2/zipkin/2.21.7/zipkin-2.21.7.jar:/Users/aruyelemes/.m2/repository/io/zipkin/reporter2/zipkin-reporter/2.15.2/zipkin-reporter-2.15.2.jar:/Users/aruyelemes/.m2/repository/io/zipkin/reporter2/zipkin-reporter-brave/2.15.2/zipkin-reporter-brave-2.15.2.jar:/Users/aruyelemes/.m2/repository/io/zipkin/reporter2/zipkin-sender-kafka/2.15.2/zipkin-sender-kafka-2.15.2.jar:/Users/aruyelemes/.m2/repository/io/zipkin/reporter2/zipkin-sender-activemq-client/2.15.2/zipkin-sender-activemq-client-2.15.2.jar:/Users/aruyelemes/.m2/repository/io/zipkin/reporter2/zipkin-sender-amqp-client/2.15.2/zipkin-sender-amqp-client-2.15.2.jar:/Users/aruyelemes/.m2/repository/org/springframework/cloud/spring-cloud-starter-circuitbreaker-reactor-resilience4j/1.0.4.RELEASE/spring-cloud-starter-circuitbreaker-reactor-resilience4j-1.0.4.RELEASE.jar:/Users/aruyelemes/.m2/repository/org/springframework/cloud/spring-cloud-starter/2.2.6.RELEASE/spring-cloud-starter-2.2.6.RELEASE.jar:/Users/aruyelemes/.m2/repository/org/springframework/cloud/spring-cloud-context/2.2.6.RELEASE/spring-cloud-context-2.2.6.RELEASE.jar:/Users/aruyelemes/.m2/repository/org/springframework/security/spring-security-rsa/1.0.9.RELEASE/spring-security-rsa-1.0.9.RELEASE.jar:/Users/aruyelemes/.m2/repository/org/bouncycastle/bcpkix-jdk15on/1.64/bcpkix-jdk15on-1.64.jar:/Users/aruyelemes/.m2/repository/org/bouncycastle/bcprov-jdk15on/1.64/bcprov-jdk15on-1.64.jar:/Users/aruyelemes/.m2/repository/org/springframework/cloud/spring-cloud-circuitbreaker-resilience4j/1.0.4.RELEASE/spring-cloud-circuitbreaker-resilience4j-1.0.4.RELEASE.jar:/Users/aruyelemes/.m2/repository/io/github/resilience4j/resilience4j-circuitbreaker/1.3.1/resilience4j-circuitbreaker-1.3.1.jar:/Users/aruyelemes/.m2/repository/io/github/resilience4j/resilience4j-core/1.3.1/resilience4j-core-1.3.1.jar:/Users/aruyelemes/.m2/repository/io/github/resilience4j/resilience4j-timelimiter/1.3.1/resilience4j-timelimiter-1.3.1.jar:/Users/aruyelemes/.m2/repository/io/github/resilience4j/resilience4j-reactor/1.3.1/resilience4j-reactor-1.3.1.jar:/Users/aruyelemes/.m2/repository/org/springframework/cloud/spring-cloud-starter-config/2.2.6.RELEASE/spring-cloud-starter-config-2.2.6.RELEASE.jar:/Users/aruyelemes/.m2/repository/org/springframework/cloud/spring-cloud-config-client/2.2.6.RELEASE/spring-cloud-config-client-2.2.6.RELEASE.jar:/Users/aruyelemes/.m2/repository/com/fasterxml/jackson/core/jackson-annotations/2.11.3/jackson-annotations-2.11.3.jar:/Users/aruyelemes/.m2/repository/org/apache/httpcomponents/httpclient/4.5.13/httpclient-4.5.13.jar:/Users/aruyelemes/.m2/repository/org/apache/httpcomponents/httpcore/4.4.13/httpcore-4.4.13.jar:/Users/aruyelemes/.m2/repository/commons-codec/commons-codec/1.14/commons-codec-1.14.jar:/Users/aruyelemes/.m2/repository/com/fasterxml/jackson/core/jackson-databind/2.11.3/jackson-databind-2.11.3.jar:/Users/aruyelemes/.m2/repository/org/springframework/cloud/spring-cloud-starter-netflix-eureka-client/2.2.6.RELEASE/spring-cloud-starter-netflix-eureka-client-2.2.6.RELEASE.jar:/Users/aruyelemes/.m2/repository/org/springframework/cloud/spring-cloud-netflix-eureka-client/2.2.6.RELEASE/spring-cloud-netflix-eureka-client-2.2.6.RELEASE.jar:/Users/aruyelemes/.m2/repository/com/netflix/eureka/eureka-client/1.10.7/eureka-client-1.10.7.jar:/Users/aruyelemes/.m2/repository/com/netflix/netflix-commons/netflix-eventbus/0.3.0/netflix-eventbus-0.3.0.jar:/Users/aruyelemes/.m2/repository/com/netflix/netflix-commons/netflix-infix/0.3.0/netflix-infix-0.3.0.jar:/Users/aruyelemes/.m2/repository/commons-jxpath/commons-jxpath/1.3/commons-jxpath-1.3.jar:/Users/aruyelemes/.m2/repository/joda-time/joda-time/2.3/joda-time-2.3.jar:/Users/aruyelemes/.m2/repository/org/antlr/antlr-runtime/3.4/antlr-runtime-3.4.jar:/Users/aruyelemes/.m2/repository/org/antlr/stringtemplate/3.2.1/stringtemplate-3.2.1.jar:/Users/aruyelemes/.m2/repository/antlr/antlr/2.7.7/antlr-2.7.7.jar:/Users/aruyelemes/.m2/repository/com/google/code/gson/gson/2.8.6/gson-2.8.6.jar:/Users/aruyelemes/.m2/repository/org/apache/commons/commons-math/2.2/commons-math-2.2.jar:/Users/aruyelemes/.m2/repository/com/netflix/archaius/archaius-core/0.7.6/archaius-core-0.7.6.jar:/Users/aruyelemes/.m2/repository/com/google/guava/guava/29.0-jre/guava-29.0-jre.jar:/Users/aruyelemes/.m2/repository/com/google/guava/failureaccess/1.0.1/failureaccess-1.0.1.jar:/Users/aruyelemes/.m2/repository/com/google/guava/listenablefuture/9999.0-empty-to-avoid-conflict-with-guava/listenablefuture-9999.0-empty-to-avoid-conflict-with-guava.jar:/Users/aruyelemes/.m2/repository/org/checkerframework/checker-qual/2.11.1/checker-qual-2.11.1.jar:/Users/aruyelemes/.m2/repository/com/google/errorprone/error_prone_annotations/2.3.4/error_prone_annotations-2.3.4.jar:/Users/aruyelemes/.m2/repository/com/google/j2objc/j2objc-annotations/1.3/j2objc-annotations-1.3.jar:/Users/aruyelemes/.m2/repository/javax/ws/rs/jsr311-api/1.1.1/jsr311-api-1.1.1.jar:/Users/aruyelemes/.m2/repository/com/netflix/servo/servo-core/0.12.21/servo-core-0.12.21.jar:/Users/aruyelemes/.m2/repository/com/sun/jersey/jersey-core/1.19.1/jersey-core-1.19.1.jar:/Users/aruyelemes/.m2/repository/com/sun/jersey/jersey-client/1.19.1/jersey-client-1.19.1.jar:/Users/aruyelemes/.m2/repository/com/sun/jersey/contribs/jersey-apache-client4/1.19.1/jersey-apache-client4-1.19.1.jar:/Users/aruyelemes/.m2/repository/commons-configuration/commons-configuration/1.10/commons-configuration-1.10.jar:/Users/aruyelemes/.m2/repository/commons-lang/commons-lang/2.6/commons-lang-2.6.jar:/Users/aruyelemes/.m2/repository/com/google/inject/guice/4.1.0/guice-4.1.0.jar:/Users/aruyelemes/.m2/repository/javax/inject/javax.inject/1/javax.inject-1.jar:/Users/aruyelemes/.m2/repository/aopalliance/aopalliance/1.0/aopalliance-1.0.jar:/Users/aruyelemes/.m2/repository/org/codehaus/jettison/jettison/1.3.7/jettison-1.3.7.jar:/Users/aruyelemes/.m2/repository/stax/stax-api/1.0.1/stax-api-1.0.1.jar:/Users/aruyelemes/.m2/repository/com/netflix/eureka/eureka-core/1.10.7/eureka-core-1.10.7.jar:/Users/aruyelemes/.m2/repository/com/fasterxml/woodstox/woodstox-core/5.3.0/woodstox-core-5.3.0.jar:/Users/aruyelemes/.m2/repository/org/codehaus/woodstox/stax2-api/4.2/stax2-api-4.2.jar:/Users/aruyelemes/.m2/repository/org/springframework/cloud/spring-cloud-starter-netflix-archaius/2.2.6.RELEASE/spring-cloud-starter-netflix-archaius-2.2.6.RELEASE.jar:/Users/aruyelemes/.m2/repository/org/springframework/cloud/spring-cloud-netflix-archaius/2.2.6.RELEASE/spring-cloud-netflix-archaius-2.2.6.RELEASE.jar:/Users/aruyelemes/.m2/repository/org/springframework/cloud/spring-cloud-starter-loadbalancer/2.2.6.RELEASE/spring-cloud-starter-loadbalancer-2.2.6.RELEASE.jar:/Users/aruyelemes/.m2/repository/org/springframework/cloud/spring-cloud-loadbalancer/2.2.6.RELEASE/spring-cloud-loadbalancer-2.2.6.RELEASE.jar:/Users/aruyelemes/.m2/repository/io/projectreactor/reactor-core/3.3.11.RELEASE/reactor-core-3.3.11.RELEASE.jar:/Users/aruyelemes/.m2/repository/org/reactivestreams/reactive-streams/1.0.3/reactive-streams-1.0.3.jar:/Users/aruyelemes/.m2/repository/org/springframework/boot/spring-boot-starter-cache/2.3.6.RELEASE/spring-boot-starter-cache-2.3.6.RELEASE.jar:/Users/aruyelemes/.m2/repository/org/springframework/spring-context-support/5.2.11.RELEASE/spring-context-support-5.2.11.RELEASE.jar:/Users/aruyelemes/.m2/repository/com/stoyanr/evictor/1.0.0/evictor-1.0.0.jar:/Users/aruyelemes/.m2/repository/com/thoughtworks/xstream/xstream/1.4.13/xstream-1.4.13.jar:/Users/aruyelemes/.m2/repository/xmlpull/xmlpull/1.1.3.1/xmlpull-1.1.3.1.jar:/Users/aruyelemes/.m2/repository/xpp3/xpp3_min/1.1.4c/xpp3_min-1.1.4c.jar:/Users/aruyelemes/.m2/repository/org/springframework/cloud/spring-cloud-starter-sleuth/2.2.6.RELEASE/spring-cloud-starter-sleuth-2.2.6.RELEASE.jar:/Users/aruyelemes/.m2/repository/org/springframework/boot/spring-boot-starter-aop/2.3.6.RELEASE/spring-boot-starter-aop-2.3.6.RELEASE.jar:/Users/aruyelemes/.m2/repository/org/springframework/spring-aop/5.2.11.RELEASE/spring-aop-5.2.11.RELEASE.jar:/Users/aruyelemes/.m2/repository/org/aspectj/aspectjweaver/1.9.6/aspectjweaver-1.9.6.jar:/Users/aruyelemes/.m2/repository/org/springframework/cloud/spring-cloud-starter-gateway/2.2.6.RELEASE/spring-cloud-starter-gateway-2.2.6.RELEASE.jar:/Users/aruyelemes/.m2/repository/org/springframework/cloud/spring-cloud-gateway-server/2.2.6.RELEASE/spring-cloud-gateway-server-2.2.6.RELEASE.jar:/Users/aruyelemes/.m2/repository/org/springframework/boot/spring-boot-starter-validation/2.3.6.RELEASE/spring-boot-starter-validation-2.3.6.RELEASE.jar:/Users/aruyelemes/.m2/repository/org/glassfish/jakarta.el/3.0.3/jakarta.el-3.0.3.jar:/Users/aruyelemes/.m2/repository/org/hibernate/validator/hibernate-validator/6.1.6.Final/hibernate-validator-6.1.6.Final.jar:/Users/aruyelemes/.m2/repository/jakarta/validation/jakarta.validation-api/2.0.2/jakarta.validation-api-2.0.2.jar:/Users/aruyelemes/.m2/repository/org/jboss/logging/jboss-logging/3.4.1.Final/jboss-logging-3.4.1.Final.jar:/Users/aruyelemes/.m2/repository/com/fasterxml/classmate/1.5.1/classmate-1.5.1.jar:/Users/aruyelemes/.m2/repository/io/projectreactor/addons/reactor-extra/3.3.4.RELEASE/reactor-extra-3.3.4.RELEASE.jar:/Users/aruyelemes/.m2/repository/org/springframework/boot/spring-boot-starter-webflux/2.3.6.RELEASE/spring-boot-starter-webflux-2.3.6.RELEASE.jar:/Users/aruyelemes/.m2/repository/org/springframework/boot/spring-boot-starter-json/2.3.6.RELEASE/spring-boot-starter-json-2.3.6.RELEASE.jar:/Users/aruyelemes/.m2/repository/com/fasterxml/jackson/datatype/jackson-datatype-jdk8/2.11.3/jackson-datatype-jdk8-2.11.3.jar:/Users/aruyelemes/.m2/repository/com/fasterxml/jackson/module/jackson-module-parameter-names/2.11.3/jackson-module-parameter-names-2.11.3.jar:/Users/aruyelemes/.m2/repository/org/springframework/boot/spring-boot-starter-reactor-netty/2.3.6.RELEASE/spring-boot-starter-reactor-netty-2.3.6.RELEASE.jar:/Users/aruyelemes/.m2/repository/io/projectreactor/netty/reactor-netty/0.9.14.RELEASE/reactor-netty-0.9.14.RELEASE.jar:/Users/aruyelemes/.m2/repository/io/netty/netty-codec-http/4.1.54.Final/netty-codec-http-4.1.54.Final.jar:/Users/aruyelemes/.m2/repository/io/netty/netty-common/4.1.54.Final/netty-common-4.1.54.Final.jar:/Users/aruyelemes/.m2/repository/io/netty/netty-buffer/4.1.54.Final/netty-buffer-4.1.54.Final.jar:/Users/aruyelemes/.m2/repository/io/netty/netty-transport/4.1.54.Final/netty-transport-4.1.54.Final.jar:/Users/aruyelemes/.m2/repository/io/netty/netty-codec/4.1.54.Final/netty-codec-4.1.54.Final.jar:/Users/aruyelemes/.m2/repository/io/netty/netty-codec-http2/4.1.54.Final/netty-codec-http2-4.1.54.Final.jar:/Users/aruyelemes/.m2/repository/io/netty/netty-handler/4.1.54.Final/netty-handler-4.1.54.Final.jar:/Users/aruyelemes/.m2/repository/io/netty/netty-resolver/4.1.54.Final/netty-resolver-4.1.54.Final.jar:/Users/aruyelemes/.m2/repository/io/netty/netty-handler-proxy/4.1.54.Final/netty-handler-proxy-4.1.54.Final.jar:/Users/aruyelemes/.m2/repository/io/netty/netty-codec-socks/4.1.54.Final/netty-codec-socks-4.1.54.Final.jar:/Users/aruyelemes/.m2/repository/io/netty/netty-transport-native-epoll/4.1.54.Final/netty-transport-native-epoll-4.1.54.Final-linux-x86_64.jar:/Users/aruyelemes/.m2/repository/io/netty/netty-transport-native-unix-common/4.1.54.Final/netty-transport-native-unix-common-4.1.54.Final.jar:/Users/aruyelemes/.m2/repository/org/springframework/spring-webflux/5.2.11.RELEASE/spring-webflux-5.2.11.RELEASE.jar:/Users/aruyelemes/.m2/repository/org/synchronoss/cloud/nio-multipart-parser/1.1.0/nio-multipart-parser-1.1.0.jar:/Users/aruyelemes/.m2/repository/org/synchronoss/cloud/nio-stream-storage/1.1.3/nio-stream-storage-1.1.3.jar:/Users/aruyelemes/.m2/repository/org/jolokia/jolokia-core/1.6.2/jolokia-core-1.6.2.jar:/Users/aruyelemes/.m2/repository/com/googlecode/json-simple/json-simple/1.1.1/json-simple-1.1.1.jar:/Users/aruyelemes/.m2/repository/org/projectlombok/lombok/1.18.16/lombok-1.18.16.jar:/Users/aruyelemes/.m2/repository/io/micrometer/micrometer-registry-prometheus/1.5.7/micrometer-registry-prometheus-1.5.7.jar:/Users/aruyelemes/.m2/repository/io/prometheus/simpleclient_common/0.8.1/simpleclient_common-0.8.1.jar:/Users/aruyelemes/.m2/repository/io/prometheus/simpleclient/0.8.1/simpleclient-0.8.1.jar:/Users/aruyelemes/.m2/repository/io/github/resilience4j/resilience4j-micrometer/1.3.1/resilience4j-micrometer-1.3.1.jar:/Users/aruyelemes/.m2/repository/io/vavr/vavr/0.10.2/vavr-0.10.2.jar:/Users/aruyelemes/.m2/repository/io/vavr/vavr-match/0.10.2/vavr-match-0.10.2.jar:/Users/aruyelemes/.m2/repository/org/slf4j/slf4j-api/1.7.30/slf4j-api-1.7.30.jar:/Users/aruyelemes/.m2/repository/org/webjars/angularjs/1.6.4/angularjs-1.6.4.jar:/Users/aruyelemes/.m2/repository/org/webjars/jquery/3.1.1-1/jquery-3.1.1-1.jar:/Users/aruyelemes/.m2/repository/org/webjars/bootstrap/3.3.7-1/bootstrap-3.3.7-1.jar:/Users/aruyelemes/.m2/repository/org/webjars/angular-ui-router/1.0.3/angular-ui-router-1.0.3.jar:/Users/aruyelemes/.m2/repository/org/webjars/webjars-locator-core/0.45/webjars-locator-core-0.45.jar:/Users/aruyelemes/.m2/repository/io/github/classgraph/classgraph/4.8.69/classgraph-4.8.69.jar:/Users/aruyelemes/.m2/repository/com/fasterxml/jackson/core/jackson-core/2.11.3/jackson-core-2.11.3.jar:/Users/aruyelemes/.m2/repository/org/junit/jupiter/junit-jupiter-api/5.6.3/junit-jupiter-api-5.6.3.jar:/Users/aruyelemes/.m2/repository/org/apiguardian/apiguardian-api/1.1.0/apiguardian-api-1.1.0.jar:/Users/aruyelemes/.m2/repository/org/opentest4j/opentest4j/1.2.0/opentest4j-1.2.0.jar:/Users/aruyelemes/.m2/repository/org/junit/platform/junit-platform-commons/1.6.3/junit-platform-commons-1.6.3.jar:/Users/aruyelemes/.m2/repository/org/junit/jupiter/junit-jupiter-engine/5.6.3/junit-jupiter-engine-5.6.3.jar:/Users/aruyelemes/.m2/repository/org/junit/platform/junit-platform-engine/1.6.3/junit-platform-engine-1.6.3.jar:/Users/aruyelemes/.m2/repository/com/squareup/okhttp3/mockwebserver/3.14.9/mockwebserver-3.14.9.jar:/Users/aruyelemes/.m2/repository/com/squareup/okhttp3/okhttp/3.14.9/okhttp-3.14.9.jar:/Users/aruyelemes/.m2/repository/com/squareup/okio/okio/1.17.2/okio-1.17.2.jar:/Users/aruyelemes/.m2/repository/junit/junit/4.13.1/junit-4.13.1.jar:/Users/aruyelemes/.m2/repository/org/hamcrest/hamcrest-core/2.2/hamcrest-core-2.2.jar:"/>
    <property name="sun.cpu.endian" value="little"/>
    <property name="user.home" value="/Users/aruyelemes"/>
    <property name="user.language" value="ru"/>
    <property name="git.closest.tag.commit.count" value=""/>
    <property name="java.specification.vendor" value="Oracle Corporation"/>
    <property name="java.version.date" value="2020-04-14"/>
    <property name="java.home" value="/Library/Java/JavaVirtualMachines/jdk-14.0.1.jdk/Contents/Home"/>
    <property name="git.total.commit.count" value="696"/>
    <property name="file.separator" value="/"/>
    <property name="basedir" value="/Users/aruyelemes/Desktop/spring-petclinic-microservices/spring-petclinic-api-gateway"/>
    <property name="java.vm.compressedOopsMode" value="Zero based"/>
    <property name="line.separator" value="&#10;"/>
    <property name="git.build.user.email" value="aru.yelemes23@gmail.com"/>
    <property name="java.vm.specification.vendor" value="Oracle Corporation"/>
    <property name="java.specification.name" value="Java Platform API Specification"/>
    <property name="git.closest.tag.name" value=""/>
    <property name="git.local.branch.ahead" value="0"/>
    <property name="git.build.time" value="2020-12-06T23:53:54+0600"/>
    <property name="surefire.real.class.path" value="/Users/aruyelemes/Desktop/spring-petclinic-microservices/spring-petclinic-api-gateway/target/surefire/surefirebooter14436107707307634585.jar"/>
    <property name="git.commit.message.full" value="Upgrade to Spring Cloud Hoxton.SR9 and Spring Boot 2.3.6 (#169)"/>
    <property name="sun.management.compiler" value="HotSpot 64-Bit Tiered Compilers"/>
    <property name="ftp.nonProxyHosts" value="local|*.local|169.254/16|*.169.254/16"/>
    <property name="java.runtime.version" value="14.0.1+7"/>
    <property name="user.name" value="aruyelemes"/>
    <property name="path.separator" value=":"/>
    <property name="os.version" value="10.15.7"/>
    <property name="java.runtime.name" value="Java(TM) SE Runtime Environment"/>
    <property name="file.encoding" value="US-ASCII"/>
    <property name="git.commit.user.email" value="antoine.rey@gmail.com"/>
    <property name="java.vm.name" value="Java HotSpot(TM) 64-Bit Server VM"/>
    <property name="git.local.branch.behind" value="0"/>
    <property name="git.dirty" value="true"/>
    <property name="localRepository" value="/Users/aruyelemes/.m2/repository"/>
    <property name="java.vendor.url.bug" value="https://bugreport.java.com/bugreport/"/>
    <property name="java.io.tmpdir" value="/var/folders/52/3h9llmb50p7fgt3qhf39grrc0000gn/T/"/>
    <property name="java.version" value="14.0.1"/>
    <property name="user.dir" value="/Users/aruyelemes/Desktop/spring-petclinic-microservices/spring-petclinic-api-gateway"/>
    <property name="os.arch" value="x86_64"/>
    <property name="git.commit.user.name" value="Antoine Rey"/>
    <property name="git.commit.id.abbrev" value="61f4dcf"/>
    <property name="java.vm.specification.name" value="Java Virtual Machine Specification"/>
    <property name="git.commit.id.describe-short" value="61f4dcf-dirty"/>
    <property name="git.commit.id.describe" value="61f4dcf-dirty"/>
    <property name="java.library.path" value="/Users/aruyelemes/Library/Java/Extensions:/Library/Java/Extensions:/Network/Library/Java/Extensions:/System/Library/Java/Extensions:/usr/lib/java:."/>
    <property name="git.commit.message.short" value="Upgrade to Spring Cloud Hoxton.SR9 and Spring Boot 2.3.6 (#169)"/>
    <property name="java.vm.info" value="mixed mode, sharing"/>
    <property name="java.vendor" value="Oracle Corporation"/>
    <property name="java.vm.version" value="14.0.1+7"/>
    <property name="sun.io.unicode.encoding" value="UnicodeBig"/>
    <property name="socksNonProxyHosts" value="local|*.local|169.254/16|*.169.254/16"/>
    <property name="java.class.version" value="58.0"/>
    <property name="git.commit.time" value="2020-11-29T21:07:30+0600"/>
    <property name="git.remote.origin.url" value="https://github.com/spring-petclinic/spring-petclinic-microservices.git"/>
  </properties>
  <testcase name="contextLoads" classname="org.springframework.samples.petclinic.api.ApiGatewayApplicationTests" time="0.004"/>
</testsuite>